#
# There is insufficient memory for the Java Runtime Environment to continue.
# Native memory allocation (malloc) failed to allocate 1048576 bytes for AllocateHeap
# Possible reasons:
#   The system is out of physical RAM or swap space
#   In 32 bit mode, the process size limit was hit
# Possible solutions:
#   Reduce memory load on the system
#   Increase physical memory or swap space
#   Check if swap backing store is full
#   Use 64 bit Java on a 64 bit OS
#   Decrease Java heap size (-Xmx/-Xms)
#   Decrease number of Java threads
#   Decrease Java thread stack sizes (-Xss)
#   Set larger code cache with -XX:ReservedCodeCacheSize=
# This output file may be truncated or incomplete.
#
#  Out of Memory Error (memory/allocation.inline.hpp:61), pid=7140, tid=8372
#
# JRE version:  (8.0_60-b27) (build )
# Java VM: Java HotSpot(TM) 64-Bit Server VM (25.60-b23 mixed mode windows-amd64 compressed oops)
# Failed to write core dump. Minidumps are not enabled by default on client versions of Windows
#

---------------  T H R E A D  ---------------

Current thread (0x0000000002500800):  JavaThread "Unknown thread" [_thread_in_vm, id=8372, stack(0x0000000002400000,0x0000000002500000)]

Stack: [0x0000000002400000,0x0000000002500000]
[error occurred during error reporting (printing stack bounds), id 0xc0000005]

Native frames: (J=compiled Java code, j=interpreted, Vv=VM code, C=native code)


---------------  P R O C E S S  ---------------

Java Threads: ( => current thread )

Other Threads:

=>0x0000000002500800 (exited) JavaThread "Unknown thread" [_thread_in_vm, id=8372, stack(0x0000000002400000,0x0000000002500000)]

VM state:not at safepoint (normal execution)

VM Mutex/Monitor currently owned by a thread: None

Heap:
 PSYoungGen      total 28672K, used 491K [0x00000000e0800000, 0x00000000e2800000, 0x0000000100000000)
  eden space 24576K, 2% used [0x00000000e0800000,0x00000000e087ae20,0x00000000e2000000)
  from space 4096K, 0% used [0x00000000e2400000,0x00000000e2400000,0x00000000e2800000)
  to   space 4096K, 0% used [0x00000000e2000000,0x00000000e2000000,0x00000000e2400000)
 ParOldGen       total 65536K, used 0K [0x00000000a1800000, 0x00000000a5800000, 0x00000000e0800000)
  object space 65536K, 0% used [0x00000000a1800000,0x00000000a1800000,0x00000000a5800000)
 Metaspace       used 767K, capacity 4480K, committed 4480K, reserved 1056768K
  class space    used 75K, capacity 384K, committed 384K, reserved 1048576K

Card table byte_map: [0x00000000119c0000,0x0000000011cc0000] byte_map_base: 0x00000000114b4000

Marking Bits: (ParMarkBitMap*) 0x0000000056b6a5b0
 Begin Bits: [0x00000000122c0000, 0x0000000013a60000)
 End Bits:   [0x0000000013a60000, 0x0000000015200000)

Polling page: 0x0000000000950000

CodeCache: size=245760Kb used=328Kb max_used=328Kb free=245431Kb
 bounds [0x0000000002600000, 0x0000000002870000, 0x0000000011600000]
 total_blobs=57 nmethods=0 adapters=37
 compilation: enabled

Compilation events (0 events):
No events

GC Heap History (0 events):
No events

Deoptimization events (0 events):
No events

Internal exceptions (0 events):
No events

Events (10 events):
Event: 0.075 loading class java/lang/Short
Event: 0.075 loading class java/lang/Short done
Event: 0.075 loading class java/lang/Integer
Event: 0.075 loading class java/lang/Integer done
Event: 0.075 loading class java/lang/Long
Event: 0.075 loading class java/lang/Long done
Event: 0.076 loading class java/lang/NullPointerException
Event: 0.076 loading class java/lang/NullPointerException done
Event: 0.076 loading class java/lang/ArithmeticException
Event: 0.076 loading class java/lang/ArithmeticException done


Dynamic libraries:
0x00007ff609630000 - 0x00007ff609667000 	C:\Program Files\Java\jdk1.8.0_60\bin\java.exe
0x00007ff97c6c0000 - 0x00007ff97c86c000 	C:\Windows\SYSTEM32\ntdll.dll
0x00007ff97c280000 - 0x00007ff97c3be000 	C:\Windows\system32\KERNEL32.DLL
0x00007ff9799e0000 - 0x00007ff979af5000 	C:\Windows\system32\KERNELBASE.dll
0x00007ff9782d0000 - 0x00007ff97835e000 	C:\Windows\system32\apphelp.dll
0x00007ff975d80000 - 0x00007ff975dd3000 	C:\Windows\AppPatch\AppPatch64\AcGenral.DLL
0x00007ff979e10000 - 0x00007ff979eba000 	C:\Windows\system32\msvcrt.dll
0x00007ff9795e0000 - 0x00007ff97960e000 	C:\Windows\SYSTEM32\SspiCli.dll
0x00007ff97be20000 - 0x00007ff97be74000 	C:\Windows\system32\SHLWAPI.dll
0x00007ff97a140000 - 0x00007ff97a2b7000 	C:\Windows\system32\USER32.dll
0x00007ff979f30000 - 0x00007ff97a0c4000 	C:\Windows\system32\ole32.dll
0x00007ff97a660000 - 0x00007ff97bb8b000 	C:\Windows\system32\SHELL32.dll
0x00007ff978db0000 - 0x00007ff978dd1000 	C:\Windows\SYSTEM32\USERENV.dll
0x00007ff97a4f0000 - 0x00007ff97a59a000 	C:\Windows\system32\ADVAPI32.dll
0x00007ff96a2d0000 - 0x00007ff96a2ee000 	C:\Windows\SYSTEM32\MPR.dll
0x00007ff97bc60000 - 0x00007ff97bda1000 	C:\Windows\system32\RPCRT4.dll
0x00007ff97bb90000 - 0x00007ff97bbe9000 	C:\Windows\SYSTEM32\sechost.dll
0x00007ff97be80000 - 0x00007ff97c091000 	C:\Windows\SYSTEM32\combase.dll
0x00007ff97c570000 - 0x00007ff97c6bf000 	C:\Windows\system32\GDI32.dll
0x00007ff979810000 - 0x00007ff979825000 	C:\Windows\SYSTEM32\profapi.dll
0x00007ff978360000 - 0x00007ff978412000 	C:\Windows\SYSTEM32\SHCORE.dll
0x00007ff97bdb0000 - 0x00007ff97bde6000 	C:\Windows\system32\IMM32.DLL
0x00007ff97a2c0000 - 0x00007ff97a412000 	C:\Windows\system32\MSCTF.dll
0x00007ff977bd0000 - 0x00007ff977e4b000 	C:\Windows\WinSxS\amd64_microsoft.windows.common-controls_6595b64144ccf1df_6.0.9600.18006_none_623f33d3ecbe86e8\COMCTL32.dll
0x0000000056bf0000 - 0x0000000056cc2000 	C:\Program Files\Java\jdk1.8.0_60\jre\bin\msvcr100.dll
0x0000000056360000 - 0x0000000056be9000 	C:\Program Files\Java\jdk1.8.0_60\jre\bin\server\jvm.dll
0x00007ff973f00000 - 0x00007ff973f09000 	C:\Windows\SYSTEM32\WSOCK32.dll
0x00007ff977e80000 - 0x00007ff977ea2000 	C:\Windows\SYSTEM32\WINMM.dll
0x00007ff977eb0000 - 0x00007ff977eba000 	C:\Windows\SYSTEM32\VERSION.dll
0x00007ff97be10000 - 0x00007ff97be17000 	C:\Windows\system32\PSAPI.DLL
0x00007ff97bc00000 - 0x00007ff97bc5a000 	C:\Windows\system32\WS2_32.dll
0x00007ff977620000 - 0x00007ff97764a000 	C:\Windows\SYSTEM32\WINMMBASE.dll
0x00007ff97bbf0000 - 0x00007ff97bbf9000 	C:\Windows\system32\NSI.dll
0x00007ff9798e0000 - 0x00007ff97992f000 	C:\Windows\SYSTEM32\cfgmgr32.dll
0x00007ff978600000 - 0x00007ff978628000 	C:\Windows\SYSTEM32\DEVOBJ.dll
0x0000000056350000 - 0x000000005635f000 	C:\Program Files\Java\jdk1.8.0_60\jre\bin\verify.dll
0x0000000056320000 - 0x0000000056349000 	C:\Program Files\Java\jdk1.8.0_60\jre\bin\java.dll
0x0000000056300000 - 0x0000000056316000 	C:\Program Files\Java\jdk1.8.0_60\jre\bin\zip.dll

VM Arguments:
jvm_args: -Dfile.encoding=UTF-8 
java_command: deneme.Sakin_bilgi
java_class_path (initial): C:\Users\asuss\Downloads\postgresql-9.4-1205.jdbc4.jar;C:\Program Files\NetBeans 8.0.2\java\modules\ext\AbsoluteLayout.jar;C:\Users\asuss\Documents\NetBeansProjects\deneme\build\classes
Launcher Type: SUN_STANDARD

Environment Variables:
PATH=C:\ProgramData\Oracle\Java\javapath;C:\Program Files (x86)\NVIDIA Corporation\PhysX\Common;C:\Program Files (x86)\Intel\iCLS Client\;C:\Program Files\Intel\iCLS Client\;C:\Windows\system32;C:\Windows;C:\Windows\System32\Wbem;C:\Windows\System32\WindowsPowerShell\v1.0\;C:\Program Files\Intel\Intel(R) Management Engine Components\DAL;C:\Program Files (x86)\Intel\Intel(R) Management Engine Components\DAL;C:\Program Files\Intel\Intel(R) Management Engine Components\IPT;C:\Program Files (x86)\Intel\Intel(R) Management Engine Components\IPT;C:\Program Files\Microsoft SQL Server\Client SDK\ODBC\110\Tools\Binn\;C:\Program Files (x86)\Microsoft SQL Server\120\Tools\Binn\;C:\Program Files\Microsoft SQL Server\120\Tools\Binn\;C:\Program Files\Microsoft SQL Server\120\DTS\Binn\;C:\Program Files (x86)\Microsoft SQL Server\120\Tools\Binn\ManagementStudio\;C:\Program Files (x86)\Microsoft SQL Server\120\DTS\Binn\;C:\Program Files (x86)\Skype\Phone\
USERNAME=asuss
OS=Windows_NT
PROCESSOR_IDENTIFIER=Intel64 Family 6 Model 61 Stepping 4, GenuineIntel



---------------  S Y S T E M  ---------------

OS: Windows 8.1 , 64 bit Build 9600 (6.3.9600.17415)

CPU:total 4 (2 cores per cpu, 2 threads per core) family 6 model 61 stepping 4, cmov, cx8, fxsr, mmx, sse, sse2, sse3, ssse3, sse4.1, sse4.2, popcnt, avx, avx2, aes, clmul, erms, 3dnowpref, lzcnt, ht, tsc, tscinvbit, bmi1, bmi2, adx

Memory: 4k page, physical 6191960k(2175732k free), swap 25066328k(5312k free)

vm_info: Java HotSpot(TM) 64-Bit Server VM (25.60-b23) for windows-amd64 JRE (1.8.0_60-b27), built on Aug  4 2015 11:06:27 by "java_re" with MS VC++ 10.0 (VS2010)

time: Tue Dec 01 23:21:38 2015
elapsed time: 0 seconds (0d 0h 0m 0s)

